============================= test session starts =============================
platform win32 -- Python 3.13.3, pytest-9.1.1, pluggy-1.6.0 -- D:\AI_thuc_chien\lab_07\.venv\Scripts\python.exe
rootdir: D:\AI_thuc_chien\lab_07\K4-DAY07-Bui-Quoc-Viet-2A202602884
plugins: anyio-4.15.1
collecting ... collected 53 items

tests/test_groq_runtime.py::test_groq_requires_own_key PASSED            [  1%]
tests/test_groq_runtime.py::test_groq_generation_and_model_check PASSED  [  3%]
tests/test_groq_runtime.py::test_groq_rejects_incomplete_answer PASSED   [  5%]
tests/test_heading_benchmark.py::test_heading_keeps_sections_separate PASSED [  7%]
tests/test_heading_benchmark.py::test_long_section_repeats_heading_and_preserves_words PASSED [  9%]
tests/test_heading_benchmark.py::test_nested_heading_keeps_parent_context PASSED [ 11%]
tests/test_heading_benchmark.py::test_gemini_requires_key PASSED         [ 13%]
tests/test_heading_benchmark.py::test_normalization_cache_and_generation PASSED [ 15%]
tests/test_heading_benchmark.py::test_no_fake_answer_for_blocked_output PASSED [ 16%]
tests/test_heading_benchmark.py::test_benchmark_calls_agent_with_filtered_context PASSED [ 18%]
tests/test_heading_benchmark.py::test_loader_excludes_frontmatter_and_retains_doc_id PASSED [ 20%]
tests/test_solution.py::TestProjectStructure::test_root_main_entrypoint_exists PASSED [ 22%]
tests/test_solution.py::TestProjectStructure::test_src_package_exists PASSED [ 24%]
tests/test_solution.py::TestClassBasedInterfaces::test_chunker_classes_exist PASSED [ 26%]
tests/test_solution.py::TestClassBasedInterfaces::test_mock_embedder_exists PASSED [ 28%]
tests/test_solution.py::TestFixedSizeChunker::test_chunks_respect_size PASSED [ 30%]
tests/test_solution.py::TestFixedSizeChunker::test_correct_number_of_chunks_no_overlap PASSED [ 32%]
tests/test_solution.py::TestFixedSizeChunker::test_empty_text_returns_empty_list PASSED [ 33%]
tests/test_solution.py::TestFixedSizeChunker::test_no_overlap_no_shared_content PASSED [ 35%]
tests/test_solution.py::TestFixedSizeChunker::test_overlap_creates_shared_content PASSED [ 37%]
tests/test_solution.py::TestFixedSizeChunker::test_returns_list PASSED   [ 39%]
tests/test_solution.py::TestFixedSizeChunker::test_single_chunk_if_text_shorter PASSED [ 41%]
tests/test_solution.py::TestSentenceChunker::test_chunks_are_strings PASSED [ 43%]
tests/test_solution.py::TestSentenceChunker::test_respects_max_sentences PASSED [ 45%]
tests/test_solution.py::TestSentenceChunker::test_returns_list PASSED    [ 47%]
tests/test_solution.py::TestSentenceChunker::test_single_sentence_max_gives_many_chunks PASSED [ 49%]
tests/test_solution.py::TestRecursiveChunker::test_chunks_within_size_when_possible PASSED [ 50%]
tests/test_solution.py::TestRecursiveChunker::test_empty_separators_falls_back_gracefully PASSED [ 52%]
tests/test_solution.py::TestRecursiveChunker::test_handles_double_newline_separator PASSED [ 54%]
tests/test_solution.py::TestRecursiveChunker::test_returns_list PASSED   [ 56%]
tests/test_solution.py::TestEmbeddingStore::test_add_documents_increases_size PASSED [ 58%]
tests/test_solution.py::TestEmbeddingStore::test_add_more_increases_further PASSED [ 60%]
tests/test_solution.py::TestEmbeddingStore::test_initial_size_is_zero PASSED [ 62%]
tests/test_solution.py::TestEmbeddingStore::test_search_results_have_content_key PASSED [ 64%]
tests/test_solution.py::TestEmbeddingStore::test_search_results_have_score_key PASSED [ 66%]
tests/test_solution.py::TestEmbeddingStore::test_search_results_sorted_by_score_descending PASSED [ 67%]
tests/test_solution.py::TestEmbeddingStore::test_search_returns_at_most_top_k PASSED [ 69%]
tests/test_solution.py::TestEmbeddingStore::test_search_returns_list PASSED [ 71%]
tests/test_solution.py::TestKnowledgeBaseAgent::test_answer_non_empty PASSED [ 73%]
tests/test_solution.py::TestKnowledgeBaseAgent::test_answer_returns_string PASSED [ 75%]
tests/test_solution.py::TestComputeSimilarity::test_identical_vectors_return_1 PASSED [ 77%]
tests/test_solution.py::TestComputeSimilarity::test_opposite_vectors_return_minus_1 PASSED [ 79%]
tests/test_solution.py::TestComputeSimilarity::test_orthogonal_vectors_return_0 PASSED [ 81%]
tests/test_solution.py::TestComputeSimilarity::test_zero_vector_returns_0 PASSED [ 83%]
tests/test_solution.py::TestCompareChunkingStrategies::test_counts_are_positive PASSED [ 84%]
tests/test_solution.py::TestCompareChunkingStrategies::test_each_strategy_has_count_and_avg_length PASSED [ 86%]
tests/test_solution.py::TestCompareChunkingStrategies::test_returns_three_strategies PASSED [ 88%]
tests/test_solution.py::TestEmbeddingStoreSearchWithFilter::test_filter_by_department PASSED [ 90%]
tests/test_solution.py::TestEmbeddingStoreSearchWithFilter::test_no_filter_returns_all_candidates PASSED [ 92%]
tests/test_solution.py::TestEmbeddingStoreSearchWithFilter::test_returns_at_most_top_k PASSED [ 94%]
tests/test_solution.py::TestEmbeddingStoreDeleteDocument::test_delete_reduces_collection_size PASSED [ 96%]
tests/test_solution.py::TestEmbeddingStoreDeleteDocument::test_delete_returns_false_for_nonexistent_doc PASSED [ 98%]
tests/test_solution.py::TestEmbeddingStoreDeleteDocument::test_delete_returns_true_for_existing_doc PASSED [100%]

============================= 53 passed in 0.10s ==============================
